[2023-04-29 14:09:22] Executing bootstrap tasks
[2023-04-29 14:09:22] OpenJDK Runtime Environment 17.0.6+10
[2023-04-29 14:09:22] Product org.eclipse.products.epp.package.java.2023-03
[2023-04-29 14:09:22] Bundle org.eclipse.oomph.setup 1.26.0.v20230203-1538, build=5840, branch=232d5d6b465d15aa8cd333d7222eabc545dd1478
[2023-04-29 14:09:22] Bundle org.eclipse.oomph.setup.core 1.26.0.v20230204-0932, build=5840, branch=232d5d6b465d15aa8cd333d7222eabc545dd1478
[2023-04-29 14:09:22] Bundle org.eclipse.oomph.setup.p2 1.19.0.v20220607-1104, build=5840, branch=232d5d6b465d15aa8cd333d7222eabc545dd1478
[2023-04-29 14:09:23] Performing P2 Director (Eclipse IDE for Java Developers (2023-03) + JRE 17.0.7)
[2023-04-29 14:09:23] Offline = false
[2023-04-29 14:09:23] Mirrors = true
[2023-04-29 14:09:23] Resolving 19 requirements from 4 repositories to /Users/arthur/Documents/Arthur/Selenium.Java/ws-eclipse/ProjetoBasico/Eclipse.app/Contents/Eclipse
[2023-04-29 14:09:23] Requirement org.eclipse.equinox.p2.iu:org.eclipse.justj.openjdk.hotspot.jre.full.feature.group (filter=(|(&(osgi.arch=aarch64)(osgi.os=linux))(&(osgi.arch=aarch64)(osgi.os=macosx))(&(osgi.arch=x86_64)(osgi.os=linux))(&(osgi.arch=x86_64)(osgi.os=macosx))(&(osgi.arch=x86_64)(osgi.os=win32))))
[2023-04-29 14:09:23] Requirement org.eclipse.equinox.p2.iu:epp.package.java [4.27.0,5.0.0) (filter=(|(&(osgi.arch=aarch64)(osgi.os=linux)(osgi.ws=gtk))(&(osgi.arch=aarch64)(osgi.os=macosx)(osgi.ws=cocoa))(&(osgi.arch=x86_64)(osgi.os=linux)(osgi.ws=gtk))(&(osgi.arch=x86_64)(osgi.os=macosx)(osgi.ws=cocoa))(&(osgi.arch=x86_64)(osgi.os=win32)(osgi.ws=win32))))
[2023-04-29 14:09:23] Requirement org.eclipse.equinox.p2.iu:org.eclipse.platform.feature.group [4.27.0,5.0.0)
[2023-04-29 14:09:23] Requirement org.eclipse.equinox.p2.iu:org.eclipse.rcp.feature.group [4.27.0,5.0.0)
[2023-04-29 14:09:23] Requirement org.eclipse.equinox.p2.iu:org.eclipse.buildship.feature.group
[2023-04-29 14:09:23] Requirement org.eclipse.equinox.p2.iu:org.eclipse.eclemma.feature.feature.group
[2023-04-29 14:09:23] Requirement org.eclipse.equinox.p2.iu:org.eclipse.egit.feature.group
[2023-04-29 14:09:23] Requirement org.eclipse.equinox.p2.iu:org.eclipse.epp.mpc.feature.group
[2023-04-29 14:09:23] Requirement org.eclipse.equinox.p2.iu:org.eclipse.jdt.bcoview.feature.feature.group
[2023-04-29 14:09:23] Requirement org.eclipse.equinox.p2.iu:org.eclipse.jdt.feature.group
[2023-04-29 14:09:23] Requirement org.eclipse.equinox.p2.iu:org.eclipse.jgit.feature.group
[2023-04-29 14:09:23] Requirement org.eclipse.equinox.p2.iu:org.eclipse.m2e.feature.feature.group
[2023-04-29 14:09:23] Requirement org.eclipse.equinox.p2.iu:org.eclipse.m2e.lemminx.feature.feature.group
[2023-04-29 14:09:23] Requirement org.eclipse.equinox.p2.iu:org.eclipse.m2e.logback.feature.feature.group
[2023-04-29 14:09:23] Requirement org.eclipse.equinox.p2.iu:org.eclipse.mylyn.wikitext_feature.feature.group
[2023-04-29 14:09:23] Requirement org.eclipse.equinox.p2.iu:org.eclipse.tips.feature.feature.group
[2023-04-29 14:09:23] Requirement org.eclipse.equinox.p2.iu:org.eclipse.tm.terminal.feature.feature.group
[2023-04-29 14:09:23] Requirement org.eclipse.equinox.p2.iu:org.eclipse.wildwebdeveloper.xml.feature.feature.group
[2023-04-29 14:09:23] Requirement org.eclipse.equinox.p2.iu:org.eclipse.oomph.setup.feature.group
[2023-04-29 14:09:23] Repository https://download.eclipse.org/justj/jres/17/updates/release/latest
[2023-04-29 14:09:23] Repository https://download.eclipse.org/technology/epp/packages/2023-03/202303091200
[2023-04-29 14:09:23] Repository https://download.eclipse.org/releases/2023-03/202303151000
[2023-04-29 14:09:23] Repository https://download.eclipse.org/oomph/updates/milestone/latest
[2023-04-29 14:09:27] Calculating requirements and dependencies.
[2023-04-29 14:09:28] Computing prerequisite plan
[2023-04-29 14:09:33] Collecting 1 artifacts from https://download.eclipse.org/technology/epp/packages/2023-03/202303091200
[2023-04-29 14:09:33] Downloading epp.package.java.executable.cocoa.macosx.x86_64
[2023-04-29 14:09:33] Collected 1 artifacts for https://download.eclipse.org/technology/epp/packages/2023-03/202303091200 in 0.021s
[2023-04-29 14:09:33] Collecting 3 artifacts from https://download.eclipse.org/justj/jres/17/updates/release/latest
[2023-04-29 14:09:34] Downloading org.eclipse.justj.openjdk.hotspot.jre.full
[2023-04-29 14:09:34] Downloading org.eclipse.justj.openjdk.hotspot.jre.full.macosx.x86_64
[2023-04-29 14:09:34] Downloading org.eclipse.justj.openjdk.hotspot.jre.full
[2023-04-29 14:09:34] Fetching org.eclipse.justj.openjdk.hotspot.jre.full_17.0.7.v20230425-1502.jar from https://espejito.fder.edu.uy/eclipse/justj/jres/17/updates/release/17.0.7/plugins/ (19.67kB)
[2023-04-29 14:09:34] Fetching org.eclipse.justj.openjdk.hotspot.jre.full.macosx.x86_64_17.0.7.v20230425-1502.jar from https://eclipse.c3sl.ufpr.br/justj/jres/17/updates/release/17.0.7/plugins/ (113.66MB)
[2023-04-29 14:09:35] Fetching org.eclipse.justj.openjdk.hotspot.jre.full_17.0.7.v20230425-1502.jar from https://eclipse.mirror.rafal.ca/justj/jres/17/updates/release/17.0.7/features/ (23.27kB)
[2023-04-29 14:09:35] Fetching org.eclipse.justj.openjdk.hotspot.jre.full.macosx.x86_64_17.0.7.v20230425-1502.jar from https://eclipse.c3sl.ufpr.br/justj/jres/17/updates/release/17.0.7/plugins/
[2023-04-29 14:09:42] Mirrored 1 artifacts from https://eclipse.c3sl.ufpr.br/justj/jres/17/updates/release/17.0.7/ at 24,954kb/s
[2023-04-29 14:09:42] Mirrored 1 artifacts from https://espejito.fder.edu.uy/eclipse/justj/jres/17/updates/release/17.0.7/ at 28kb/s
[2023-04-29 14:09:42] Mirrored 1 artifacts from https://eclipse.mirror.rafal.ca/justj/jres/17/updates/release/17.0.7/ at 18kb/s
[2023-04-29 14:09:42] Collected 3 artifacts for https://download.eclipse.org/justj/jres/17/updates/release/latest in 8.727s
[2023-04-29 14:09:42] Collecting 2 artifacts from https://download.eclipse.org/releases/2023-03/202303151000
[2023-04-29 14:09:43] Downloading org.eclipse.platform_root
[2023-04-29 14:09:43] Downloading org.eclipse.rcp_root
[2023-04-29 14:09:43] Collected 2 artifacts for https://download.eclipse.org/releases/2023-03/202303151000 in 1.416s
[2023-04-29 14:09:54] Installing bcpg [1.72.2]
[2023-04-29 14:09:54] Installing bcprov [1.72.0]
[2023-04-29 14:09:54] Installing ch.qos.logback.classic [1.2.11]
[2023-04-29 14:09:54] Installing ch.qos.logback.core [1.2.11]
[2023-04-29 14:09:54] Installing com.google.gson [2.10.1]
[2023-04-29 14:09:54] Installing com.google.guava [31.1.0.jre]
[2023-04-29 14:09:54] Installing com.google.guava.failureaccess [1.0.1]
[2023-04-29 14:09:54] Installing com.ibm.icu [72.1.0]
[2023-04-29 14:09:54] Installing com.jcraft.jsch [0.1.55.v20221112-0806]
[2023-04-29 14:09:54] Installing com.mountainminds.eclemma.core [3.1.6.202206011447]
[2023-04-29 14:09:54] Installing com.sun.el.javax.el [3.0.0]
[2023-04-29 14:09:54] Installing com.sun.jna [5.12.1]
[2023-04-29 14:09:54] Installing com.sun.jna.platform [5.12.1]
[2023-04-29 14:09:54] Installing epp.package.java [4.27.0.20230309-1200]
[2023-04-29 14:09:54] Installing epp.package.java.executable.cocoa.macosx.x86_64 [4.27.0.20230309-1200]
[2023-04-29 14:09:54] Installing epp.package.java.executable.cocoa.macosx.x86_64.eclipse [4.27.0.20230309-1200]
[2023-04-29 14:09:54] Installing jakarta.servlet-api [4.0.0]
[2023-04-29 14:09:54] Installing javaewah [1.1.13.v20211029-0839]
[2023-04-29 14:09:54] Installing javax.annotation [1.3.5.v20221203-1659]
[2023-04-29 14:09:54] Installing javax.el-api [3.0.3]
[2023-04-29 14:09:54] Installing javax.inject [1.0.0.v20220405-0441]
[2023-04-29 14:09:54] Installing javax.servlet.jsp-api [2.3.3]
[2023-04-29 14:09:54] Installing junit-jupiter-api [5.9.2]
[2023-04-29 14:09:54] Installing junit-jupiter-engine [5.9.2]
[2023-04-29 14:09:54] Installing junit-jupiter-migrationsupport [5.9.2]
[2023-04-29 14:09:54] Installing junit-jupiter-params [5.9.2]
[2023-04-29 14:09:54] Installing junit-platform-commons [1.9.2]
[2023-04-29 14:09:54] Installing junit-platform-engine [1.9.2]
[2023-04-29 14:09:54] Installing junit-platform-launcher [1.9.2]
[2023-04-29 14:09:54] Installing junit-platform-runner [1.9.2]
[2023-04-29 14:09:54] Installing junit-platform-suite-api [1.9.2]
[2023-04-29 14:09:54] Installing junit-platform-suite-commons [1.9.2]
[2023-04-29 14:09:54] Installing junit-platform-suite-engine [1.9.2]
[2023-04-29 14:09:54] Installing junit-vintage-engine [5.9.2]
[2023-04-29 14:09:54] Installing net.i2p.crypto.eddsa [0.3.0.v20220506-1020]
[2023-04-29 14:09:54] Installing org.apache.ant [1.10.12.v20211102-1452]
[2023-04-29 14:09:54] Installing org.apache.batik.constants [1.16.0.v20221027-0840]
[2023-04-29 14:09:54] Installing org.apache.batik.css [1.16.0.v20221027-0840]
[2023-04-29 14:09:54] Installing org.apache.batik.i18n [1.16.0.v20221027-0840]
[2023-04-29 14:09:54] Installing org.apache.batik.util [1.16.0.v20221027-0840]
[2023-04-29 14:09:54] Installing org.apache.commons.cli [1.4.0.v20221112-0806]
[2023-04-29 14:09:54] Installing org.apache.commons.codec [1.14.0.v20221112-0806]
[2023-04-29 14:09:54] Installing org.apache.commons.compress [1.22.0.v20221207-1049]
[2023-04-29 14:09:54] Installing org.apache.commons.io [2.8.0.v20210415-0900]
[2023-04-29 14:09:54] Installing org.apache.commons.jxpath [1.3.0.v200911051830]
[2023-04-29 14:09:54] Installing org.apache.commons.logging [1.2.0.v20180409-1502]
[2023-04-29 14:09:54] Installing org.apache.felix.gogo.command [1.1.2]
[2023-04-29 14:09:54] Installing org.apache.felix.gogo.runtime [1.1.6]
[2023-04-29 14:09:54] Installing org.apache.felix.gogo.shell [1.1.4]
[2023-04-29 14:09:54] Installing org.apache.felix.scr [2.2.6]
[2023-04-29 14:09:54] Installing org.apache.httpcomponents.client5.httpclient5 [5.1.3.v20221013-1742]
[2023-04-29 14:09:54] Installing org.apache.httpcomponents.core5.httpcore5 [5.1.4.v20221013-1742]
[2023-04-29 14:09:54] Installing org.apache.httpcomponents.core5.httpcore5-h2 [5.1.4.v20221013-1742]
[2023-04-29 14:09:54] Installing org.apache.httpcomponents.httpclient [4.5.13.v20221112-0806]
[2023-04-29 14:09:54] Installing org.apache.httpcomponents.httpcore [4.4.16.v20221207-1049]
[2023-04-29 14:09:54] Installing org.apache.jasper.glassfish [2.2.2.v201501141630]
[2023-04-29 14:09:54] Installing org.apache.lucene.analysis-common [9.4.2.v20221211-0752]
[2023-04-29 14:09:54] Installing org.apache.lucene.analysis-smartcn [9.4.2.v20221211-0752]
[2023-04-29 14:09:54] Installing org.apache.lucene.core [9.4.2.v20221211-0752]
[2023-04-29 14:09:54] Installing org.apache.sshd.osgi [2.9.2]
[2023-04-29 14:09:54] Installing org.apache.sshd.sftp [2.9.2.v20221117-1942]
[2023-04-29 14:09:54] Installing org.apache.xerces [2.12.2.v20220131-0835]
[2023-04-29 14:09:54] Installing org.apache.xml.resolver [1.2.0.v20220715-1206]
[2023-04-29 14:09:54] Installing org.apache.xmlgraphics [2.7.0.v20221018-0736]
[2023-04-29 14:09:54] Installing org.apiguardian.api [1.1.2]
[2023-04-29 14:09:54] Installing org.eclipse.ant.core [3.6.500.v20220718-1722]
[2023-04-29 14:09:54] Installing org.eclipse.ant.launching [1.3.400.v20220718-1722]
[2023-04-29 14:09:54] Installing org.eclipse.ant.ui [3.8.300.v20220718-1722]
[2023-04-29 14:09:54] Installing org.eclipse.buildship.branding [3.1.6.v20220511-1359]
[2023-04-29 14:09:54] Installing org.eclipse.buildship.compat [3.1.6.v20220511-1359]
[2023-04-29 14:09:54] Installing org.eclipse.buildship.core [3.1.6.v20220511-1359]
[2023-04-29 14:09:54] Installing org.eclipse.buildship.feature.group [3.1.6.v20220511-1359]
[2023-04-29 14:09:54] Installing org.eclipse.buildship.feature.jar [3.1.6.v20220511-1359]
[2023-04-29 14:09:54] Installing org.eclipse.buildship.ui [3.1.6.v20220511-1359]
[2023-04-29 14:09:54] Installing org.eclipse.cdt.core.macosx [11.1.0.202303061654]
[2023-04-29 14:09:54] Installing org.eclipse.cdt.core.native [6.3.100.202212091724]
[2023-04-29 14:09:54] Installing org.eclipse.compare [3.8.500.v20220812-1406]
[2023-04-29 14:09:54] Installing org.eclipse.compare.core [3.7.100.v20220812-1406]
[2023-04-29 14:09:54] Installing org.eclipse.core.commands [3.10.400.v20230220-0932]
[2023-04-29 14:09:54] Installing org.eclipse.core.contenttype [3.8.200.v20220817-1539]
[2023-04-29 14:09:54] Installing org.eclipse.core.databinding [1.12.0.v20230214-1401]
[2023-04-29 14:09:54] Installing org.eclipse.core.databinding.beans [1.9.100.v20230214-1401]
[2023-04-29 14:09:54] Installing org.eclipse.core.databinding.observable [1.12.200.v20230220-0932]
[2023-04-29 14:09:54] Installing org.eclipse.core.databinding.property [1.9.200.v20230220-0932]
[2023-04-29 14:09:54] Installing org.eclipse.core.expressions [3.8.200.v20220613-1047]
[2023-04-29 14:09:54] Installing org.eclipse.core.externaltools [1.2.300.v20220618-1805]
[2023-04-29 14:09:54] Installing org.eclipse.core.filebuffers [3.7.200.v20220202-1008]
[2023-04-29 14:09:54] Installing org.eclipse.core.filesystem [1.9.500.v20220817-1539]
[2023-04-29 14:09:54] Installing org.eclipse.core.filesystem.macosx [1.3.400.v20220812-1420]
[2023-04-29 14:09:54] Installing org.eclipse.core.jobs [3.13.300.v20230111-0823]
[2023-04-29 14:09:54] Installing org.eclipse.core.net [1.4.0.v20220813-1037]
[2023-04-29 14:09:54] Installing org.eclipse.core.resources [3.18.200.v20230209-0754]
[2023-04-29 14:09:54] Installing org.eclipse.core.runtime [3.26.100.v20221021-0005]
[2023-04-29 14:09:54] Installing org.eclipse.core.variables [3.5.100.v20210721-1355]
[2023-04-29 14:09:54] Installing org.eclipse.debug.core [3.20.100.v20230124-1239]
[2023-04-29 14:09:54] Installing org.eclipse.debug.ui [3.17.200.v20230220-1318]
[2023-04-29 14:09:54] Installing org.eclipse.debug.ui.launchview [1.0.300.v20220811-0741]
[2023-04-29 14:09:54] Installing org.eclipse.e4.core.commands [1.0.400.v20230220-0932]
[2023-04-29 14:09:54] Installing org.eclipse.e4.core.contexts [1.11.0.v20220716-0839]
[2023-04-29 14:09:54] Installing org.eclipse.e4.core.di [1.8.300.v20220817-1539]
[2023-04-29 14:09:54] Installing org.eclipse.e4.core.di.annotations [1.7.200.v20220613-1008]
[2023-04-29 14:09:54] Installing org.eclipse.e4.core.di.extensions [0.17.200.v20220613-1008]
[2023-04-29 14:09:54] Installing org.eclipse.e4.core.di.extensions.supplier [0.16.400.v20220613-1047]
[2023-04-29 14:09:54] Installing org.eclipse.e4.core.services [2.3.400.v20220915-1347]
[2023-04-29 14:09:54] Installing org.eclipse.e4.emf.xpath [0.3.200.v20230220-1427]
[2023-04-29 14:09:54] Installing org.eclipse.e4.rcp.feature.group [4.27.0.v20230220-1431]
[2023-04-29 14:09:54] Installing org.eclipse.e4.rcp.feature.jar [4.27.0.v20230220-1431]
[2023-04-29 14:09:54] Installing org.eclipse.e4.ui.bindings [0.13.300.v20230220-0932]
[2023-04-29 14:09:54] Installing org.eclipse.e4.ui.css.core [0.13.500.v20230220-0932]
[2023-04-29 14:09:54] Installing org.eclipse.e4.ui.css.swt [0.14.800.v20230220-0932]
[2023-04-29 14:09:54] Installing org.eclipse.e4.ui.css.swt.theme [0.13.300.v20230220-0932]
[2023-04-29 14:09:54] Installing org.eclipse.e4.ui.di [1.4.200.v20230220-0932]
[2023-04-29 14:09:54] Installing org.eclipse.e4.ui.dialogs [1.3.500.v20230220-0932]
[2023-04-29 14:09:54] Installing org.eclipse.e4.ui.ide [3.16.300.v20230220-0932]
[2023-04-29 14:09:54] Installing org.eclipse.e4.ui.model.workbench [2.3.0.v20230220-1021]
[2023-04-29 14:09:54] Installing org.eclipse.e4.ui.progress [0.3.700.v20230214-1401]
[2023-04-29 14:09:54] Installing org.eclipse.e4.ui.services [1.5.200.v20230220-0932]
[2023-04-29 14:09:54] Installing org.eclipse.e4.ui.widgets [1.3.200.v20230220-0932]
[2023-04-29 14:09:54] Installing org.eclipse.e4.ui.workbench [1.14.100.v20230220-1021]
[2023-04-29 14:09:54] Installing org.eclipse.e4.ui.workbench.addons.swt [1.4.600.v20230220-0932]
[2023-04-29 14:09:54] Installing org.eclipse.e4.ui.workbench.renderers.swt [0.15.800.v20230214-1401]
[2023-04-29 14:09:54] Installing org.eclipse.e4.ui.workbench.renderers.swt.cocoa [0.13.100.v20230214-1401]
[2023-04-29 14:09:54] Installing org.eclipse.e4.ui.workbench.swt [0.16.800.v20230220-0932]
[2023-04-29 14:09:54] Installing org.eclipse.e4.ui.workbench3 [0.16.200.v20230220-0932]
[2023-04-29 14:09:54] Installing org.eclipse.ecf [3.10.0.v20210925-0032]
[2023-04-29 14:09:54] Installing org.eclipse.ecf.core.feature.feature.group [1.6.1.v20211005-1944]
[2023-04-29 14:09:54] Installing org.eclipse.ecf.core.feature.feature.jar [1.6.1.v20211005-1944]
[2023-04-29 14:09:54] Installing org.eclipse.ecf.core.ssl.feature.feature.group [1.1.501.v20210409-2301]
[2023-04-29 14:09:54] Installing org.eclipse.ecf.core.ssl.feature.feature.jar [1.1.501.v20210409-2301]
[2023-04-29 14:09:54] Installing org.eclipse.ecf.filetransfer [5.1.102.v20210409-2301]
[2023-04-29 14:09:54] Installing org.eclipse.ecf.filetransfer.feature.feature.group [3.14.1800.v20220215-0126]
[2023-04-29 14:09:54] Installing org.eclipse.ecf.filetransfer.feature.feature.jar [3.14.1800.v20220215-0126]
[2023-04-29 14:09:54] Installing org.eclipse.ecf.filetransfer.httpclient5.feature.feature.group [1.1.701.v20221112-0806]
[2023-04-29 14:09:54] Installing org.eclipse.ecf.filetransfer.httpclient5.feature.feature.jar [1.1.701.v20221112-0806]
[2023-04-29 14:09:54] Installing org.eclipse.ecf.filetransfer.ssl.feature.feature.group [1.1.401.v20210409-2301]
[2023-04-29 14:09:54] Installing org.eclipse.ecf.filetransfer.ssl.feature.feature.jar [1.1.401.v20210409-2301]
[2023-04-29 14:09:54] Installing org.eclipse.ecf.identity [3.9.402.v20210409-2301]
[2023-04-29 14:09:54] Installing org.eclipse.ecf.provider.filetransfer [3.2.800.v20220215-0126]
[2023-04-29 14:09:54] Installing org.eclipse.ecf.provider.filetransfer.httpclient5 [1.0.401.v20221105-0315]
[2023-04-29 14:09:54] Installing org.eclipse.ecf.provider.filetransfer.ssl [1.0.201.v20210409-2301]
[2023-04-29 14:09:54] Installing org.eclipse.ecf.ssl [1.2.401.v20210409-2301]
[2023-04-29 14:09:54] Installing org.eclipse.eclemma.core [3.1.6.202206011447]
[2023-04-29 14:09:54] Installing org.eclipse.eclemma.doc [3.1.6.202206011447]
[2023-04-29 14:09:54] Installing org.eclipse.eclemma.feature.feature.group [3.1.6.202206011447]
[2023-04-29 14:09:54] Installing org.eclipse.eclemma.feature.feature.jar [3.1.6.202206011447]
[2023-04-29 14:09:54] Installing org.eclipse.eclemma.ui [3.1.6.202206011447]
[2023-04-29 14:09:54] Installing org.eclipse.egit [6.5.0.202303070854-r]
[2023-04-29 14:09:54] Installing org.eclipse.egit.core [6.5.0.202303070854-r]
[2023-04-29 14:09:54] Installing org.eclipse.egit.doc [6.5.0.202303070854-r]
[2023-04-29 14:09:54] Installing org.eclipse.egit.feature.group [6.5.0.202303070854-r]
[2023-04-29 14:09:54] Installing org.eclipse.egit.feature.jar [6.5.0.202303070854-r]
[2023-04-29 14:09:54] Installing org.eclipse.egit.ui [6.5.0.202303070854-r]
[2023-04-29 14:09:54] Installing org.eclipse.emf.common [2.28.0.v20230223-0922]
[2023-04-29 14:09:54] Installing org.eclipse.emf.common.feature.group [2.29.0.v20230223-0922]
[2023-04-29 14:09:54] Installing org.eclipse.emf.common.feature.jar [2.29.0.v20230223-0922]
[2023-04-29 14:09:54] Installing org.eclipse.emf.common.ui [2.21.0.v20230211-1150]
[2023-04-29 14:09:54] Installing org.eclipse.emf.ecore [2.33.0.v20230226-0921]
[2023-04-29 14:09:54] Installing org.eclipse.emf.ecore.change [2.15.0.v20230211-1150]
[2023-04-29 14:09:54] Installing org.eclipse.emf.ecore.edit [2.14.0.v20230211-1150]
[2023-04-29 14:09:54] Installing org.eclipse.emf.ecore.feature.group [2.31.0.v20230226-0921]
[2023-04-29 14:09:54] Installing org.eclipse.emf.ecore.feature.jar [2.31.0.v20230226-0921]
[2023-04-29 14:09:54] Installing org.eclipse.emf.ecore.xmi [2.18.0.v20230211-1150]
[2023-04-29 14:09:54] Installing org.eclipse.emf.edit [2.18.0.v20230211-1150]
[2023-04-29 14:09:54] Installing org.eclipse.emf.edit.ui [2.23.0.v20230211-1150]
[2023-04-29 14:09:54] Installing org.eclipse.epp.mpc.core [1.10.1.v20221110-1841]
[2023-04-29 14:09:54] Installing org.eclipse.epp.mpc.feature.group [1.10.1.v20221110-1841]
[2023-04-29 14:09:54] Installing org.eclipse.epp.mpc.feature.jar [1.10.1.v20221110-1841]
[2023-04-29 14:09:54] Installing org.eclipse.epp.mpc.help.ui [1.10.1.v20221110-1841]
[2023-04-29 14:09:54] Installing org.eclipse.epp.mpc.ui [1.10.1.v20221110-1841]
[2023-04-29 14:09:54] Installing org.eclipse.epp.mpc.ui.css [1.10.1.v20221110-1841]
[2023-04-29 14:09:54] Installing org.eclipse.epp.package.common [4.27.0.20230309-1200]
[2023-04-29 14:09:54] Installing org.eclipse.epp.package.common.feature.feature.group [4.27.0.20230309-1200]
[2023-04-29 14:09:54] Installing org.eclipse.epp.package.common.feature.feature.jar [4.27.0.20230309-1200]
[2023-04-29 14:09:54] Installing org.eclipse.epp.package.java [4.27.0.20230309-1200]
[2023-04-29 14:09:54] Installing org.eclipse.epp.package.java.feature.feature.group [4.27.0.20230309-1200]
[2023-04-29 14:09:54] Installing org.eclipse.epp.package.java.feature.feature.jar [4.27.0.20230309-1200]
[2023-04-29 14:09:54] Installing org.eclipse.equinox.app [1.6.200.v20220720-2012]
[2023-04-29 14:09:54] Installing org.eclipse.equinox.bidi [1.4.200.v20220710-1223]
[2023-04-29 14:09:54] Installing org.eclipse.equinox.common [3.17.100.v20230202-1341]
[2023-04-29 14:09:54] Installing org.eclipse.equinox.concurrent [1.2.100.v20211021-1418]
[2023-04-29 14:09:54] Installing org.eclipse.equinox.console [1.4.500.v20211021-1418]
[2023-04-29 14:09:54] Installing org.eclipse.equinox.event [1.6.200.v20230120-0604]
[2023-04-29 14:09:54] Installing org.eclipse.equinox.frameworkadmin [2.2.100.v20220817-1208]
[2023-04-29 14:09:54] Installing org.eclipse.equinox.frameworkadmin.equinox [1.2.200.v20220315-2155]
[2023-04-29 14:09:54] Installing org.eclipse.equinox.http.jetty [3.8.200.v20221109-0702]
[2023-04-29 14:09:54] Installing org.eclipse.equinox.http.registry [1.3.200.v20220720-2012]
[2023-04-29 14:09:54] Installing org.eclipse.equinox.http.servlet [1.7.400.v20221006-1531]
[2023-04-29 14:09:54] Installing org.eclipse.equinox.jsp.jasper [1.1.700.v20220801-1124]
[2023-04-29 14:09:54] Installing org.eclipse.equinox.jsp.jasper.registry [1.2.100.v20211021-1418]
[2023-04-29 14:09:54] Installing org.eclipse.equinox.launcher [1.6.400.v20210924-0641]
[2023-04-29 14:09:54] Installing org.eclipse.equinox.launcher.cocoa.macosx.x86_64 [1.2.700.v20221108-1024]
[2023-04-29 14:09:54] Installing org.eclipse.equinox.p2.artifact.repository [1.4.800.v20221205-1614]
[2023-04-29 14:09:54] Installing org.eclipse.equinox.p2.console [1.2.100.v20221111-1340]
[2023-04-29 14:09:54] Installing org.eclipse.equinox.p2.core [2.9.200.v20220817-1208]
[2023-04-29 14:09:54] Installing org.eclipse.equinox.p2.core.feature.feature.group [1.6.1700.v20230120-0604]
[2023-04-29 14:09:54] Installing org.eclipse.equinox.p2.core.feature.feature.jar [1.6.1700.v20230120-0604]
[2023-04-29 14:09:54] Installing org.eclipse.equinox.p2.director [2.5.400.v20220817-1208]
[2023-04-29 14:09:54] Installing org.eclipse.equinox.p2.director.app [1.2.300.v20220911-2007]
[2023-04-29 14:09:54] Installing org.eclipse.equinox.p2.directorywatcher [1.3.100.v20221111-1340]
[2023-04-29 14:09:54] Installing org.eclipse.equinox.p2.discovery [1.2.100.v20221111-1340]
[2023-04-29 14:09:54] Installing org.eclipse.equinox.p2.discovery.compatibility [1.2.200.v20220210-1157]
[2023-04-29 14:09:54] Installing org.eclipse.equinox.p2.discovery.feature.feature.group [1.2.1200.v20221111-1340]
[2023-04-29 14:09:54] Installing org.eclipse.equinox.p2.discovery.feature.feature.jar [1.2.1200.v20221111-1340]
[2023-04-29 14:09:54] Installing org.eclipse.equinox.p2.engine [2.7.500.v20220817-1208]
[2023-04-29 14:09:54] Installing org.eclipse.equinox.p2.extensionlocation [1.4.100.v20220213-0541]
[2023-04-29 14:09:54] Installing org.eclipse.equinox.p2.extras.feature.feature.group [1.4.1900.v20230120-0604]
[2023-04-29 14:09:54] Installing org.eclipse.equinox.p2.extras.feature.feature.jar [1.4.1900.v20230120-0604]
[2023-04-29 14:09:54] Installing org.eclipse.equinox.p2.garbagecollector [1.2.100.v20221111-1340]
[2023-04-29 14:09:54] Installing org.eclipse.equinox.p2.jarprocessor [1.2.400.v20221201-0952]
[2023-04-29 14:09:54] Installing org.eclipse.equinox.p2.metadata [2.6.300.v20220817-1208]
[2023-04-29 14:09:54] Installing org.eclipse.equinox.p2.metadata.repository [1.4.100.v20220329-1456]
[2023-04-29 14:09:54] Installing org.eclipse.equinox.p2.operations [2.6.100.v20220817-1208]
[2023-04-29 14:09:54] Installing org.eclipse.equinox.p2.publisher [1.7.300.v20221203-1819]
[2023-04-29 14:09:54] Installing org.eclipse.equinox.p2.publisher.eclipse [1.4.300.v20221214-0640]
[2023-04-29 14:09:54] Installing org.eclipse.equinox.p2.rcp.feature.feature.group [1.4.1900.v20230120-0604]
[2023-04-29 14:09:54] Installing org.eclipse.equinox.p2.rcp.feature.feature.jar [1.4.1900.v20230120-0604]
[2023-04-29 14:09:54] Installing org.eclipse.equinox.p2.reconciler.dropins [1.4.200.v20220911-2007]
[2023-04-29 14:09:54] Installing org.eclipse.equinox.p2.repository [2.6.300.v20221030-1923]
[2023-04-29 14:09:54] Installing org.eclipse.equinox.p2.repository.tools [2.3.300.v20221203-1932]
[2023-04-29 14:09:54] Installing org.eclipse.equinox.p2.touchpoint.eclipse [2.3.300.v20220817-1208]
[2023-04-29 14:09:54] Installing org.eclipse.equinox.p2.touchpoint.natives [1.4.400.v20220506-1821]
[2023-04-29 14:09:54] Installing org.eclipse.equinox.p2.transport.ecf [1.3.300.v20220512-1321]
[2023-04-29 14:09:54] Installing org.eclipse.equinox.p2.ui [2.7.800.v20230113-1239]
[2023-04-29 14:09:54] Installing org.eclipse.equinox.p2.ui.discovery [1.2.300.v20210813-0655]
[2023-04-29 14:09:54] Installing org.eclipse.equinox.p2.ui.importexport [1.3.300.v20220329-1456]
[2023-04-29 14:09:54] Installing org.eclipse.equinox.p2.ui.sdk [1.2.100.v20220814-1551]
[2023-04-29 14:09:54] Installing org.eclipse.equinox.p2.ui.sdk.scheduler [1.5.400.v20220805-0804]
[2023-04-29 14:09:54] Installing org.eclipse.equinox.p2.updatechecker [1.3.100.v20221111-1340]
[2023-04-29 14:09:54] Installing org.eclipse.equinox.p2.updatesite [1.2.300.v20220420-1427]
[2023-04-29 14:09:54] Installing org.eclipse.equinox.p2.user.ui.feature.group [2.4.1900.v20230120-0604]
[2023-04-29 14:09:54] Installing org.eclipse.equinox.p2.user.ui.feature.jar [2.4.1900.v20230120-0604]
[2023-04-29 14:09:54] Installing org.eclipse.equinox.preferences [3.10.200.v20230120-0604]
[2023-04-29 14:09:54] Installing org.eclipse.equinox.registry [3.11.200.v20220817-1601]
[2023-04-29 14:09:54] Installing org.eclipse.equinox.security [1.3.1000.v20220801-1135]
[2023-04-29 14:09:54] Installing org.eclipse.equinox.security.macosx [1.101.400.v20210427-1958]
[2023-04-29 14:09:54] Installing org.eclipse.equinox.security.ui [1.3.400.v20221007-1815]
[2023-04-29 14:09:54] Installing org.eclipse.equinox.simpleconfigurator [1.4.200.v20221111-1340]
[2023-04-29 14:09:54] Installing org.eclipse.equinox.simpleconfigurator.manipulator [2.2.100.v20221117-1044]
[2023-04-29 14:09:54] Installing org.eclipse.help [3.9.100.v20210721-0601]
[2023-04-29 14:09:54] Installing org.eclipse.help.base [4.3.1000.v20230302-0300]
[2023-04-29 14:09:54] Installing org.eclipse.help.feature.group [2.3.1300.v20230302-0300]
[2023-04-29 14:09:54] Installing org.eclipse.help.feature.jar [2.3.1300.v20230302-0300]
[2023-04-29 14:09:54] Installing org.eclipse.help.ui [4.4.100.v20220619-1918]
[2023-04-29 14:09:54] Installing org.eclipse.help.webapp [3.10.1000.v20221221-1358]
[2023-04-29 14:09:54] Installing org.eclipse.jdt [3.19.0.v20230302-0300]
[2023-04-29 14:09:54] Installing org.eclipse.jdt.annotation [2.2.700.v20220826-1026]
[2023-04-29 14:09:54] Installing org.eclipse.jdt.apt.core [3.7.100.v20221202-1820]
[2023-04-29 14:09:54] Installing org.eclipse.jdt.apt.pluggable.core [1.3.100.v20221201-1549]
[2023-04-29 14:09:54] Installing org.eclipse.jdt.apt.ui [3.7.0.v20210620-1751]
[2023-04-29 14:09:54] Installing org.eclipse.jdt.bcoview [1.1.0.v20230116-1714]
[2023-04-29 14:09:54] Installing org.eclipse.jdt.bcoview.feature.feature.group [1.1.0.v20230117-1348]
[2023-04-29 14:09:54] Installing org.eclipse.jdt.bcoview.feature.feature.jar [1.1.0.v20230117-1348]
[2023-04-29 14:09:54] Installing org.eclipse.jdt.core [3.33.0.v20230222-1748]
[2023-04-29 14:09:54] Installing org.eclipse.jdt.core.compiler.batch [3.33.0.v20230218-1114]
[2023-04-29 14:09:54] Installing org.eclipse.jdt.core.formatterapp [1.1.0.v20210618-1653]
[2023-04-29 14:09:54] Installing org.eclipse.jdt.core.manipulation [1.18.0.v20230209-2203]
[2023-04-29 14:09:54] Installing org.eclipse.jdt.debug [3.20.100.v20230119-1127]
[2023-04-29 14:09:54] Installing org.eclipse.jdt.debug.ui [3.12.1000.v20230207-1058]
[2023-04-29 14:09:54] Installing org.eclipse.jdt.doc.user [3.15.1700.v20230301-1632]
[2023-04-29 14:09:54] Installing org.eclipse.jdt.feature.group [3.19.0.v20230302-0300]
[2023-04-29 14:09:54] Installing org.eclipse.jdt.feature.jar [3.19.0.v20230302-0300]
[2023-04-29 14:09:54] Installing org.eclipse.jdt.junit [3.15.200.v20230209-1546]
[2023-04-29 14:09:54] Installing org.eclipse.jdt.junit.core [3.11.600.v20230209-1546]
[2023-04-29 14:09:54] Installing org.eclipse.jdt.junit.runtime [3.7.100.v20230115-0919]
[2023-04-29 14:09:54] Installing org.eclipse.jdt.junit4.runtime [1.3.0.v20220609-1843]
[2023-04-29 14:09:54] Installing org.eclipse.jdt.junit5.runtime [1.1.100.v20220907-0450]
[2023-04-29 14:09:54] Installing org.eclipse.jdt.launching [3.19.900.v20230209-1222]
[2023-04-29 14:09:54] Installing org.eclipse.jdt.launching.macosx [3.5.100.v20220927-0854]
[2023-04-29 14:09:54] Installing org.eclipse.jdt.launching.ui.macosx [1.3.100.v20220927-0854]
[2023-04-29 14:09:54] Installing org.eclipse.jdt.ui [3.28.0.v20230210-2115]
[2023-04-29 14:09:54] Installing org.eclipse.jetty.http [10.0.13]
[2023-04-29 14:09:54] Installing org.eclipse.jetty.io [10.0.13]
[2023-04-29 14:09:54] Installing org.eclipse.jetty.security [10.0.13]
[2023-04-29 14:09:54] Installing org.eclipse.jetty.server [10.0.13]
[2023-04-29 14:09:54] Installing org.eclipse.jetty.servlet [10.0.13]
[2023-04-29 14:09:54] Installing org.eclipse.jetty.util [10.0.13]
[2023-04-29 14:09:54] Installing org.eclipse.jetty.util.ajax [10.0.13]
[2023-04-29 14:09:54] Installing org.eclipse.jface [3.29.0.v20230214-1401]
[2023-04-29 14:09:54] Installing org.eclipse.jface.databinding [1.14.100.v20230214-1401]
[2023-04-29 14:09:54] Installing org.eclipse.jface.notifications [0.5.200.v20230220-0932]
[2023-04-29 14:09:54] Installing org.eclipse.jface.text [3.23.0.v20230123-1047]
[2023-04-29 14:09:54] Installing org.eclipse.jgit [6.5.0.202303070854-r]
[2023-04-29 14:09:54] Installing org.eclipse.jgit.archive [6.5.0.202303070854-r]
[2023-04-29 14:09:54] Installing org.eclipse.jgit.feature.group [6.5.0.202303070854-r]
[2023-04-29 14:09:54] Installing org.eclipse.jgit.feature.jar [6.5.0.202303070854-r]
[2023-04-29 14:09:54] Installing org.eclipse.jgit.gpg.bc [6.5.0.202303070854-r]
[2023-04-29 14:09:54] Installing org.eclipse.jgit.gpg.bc.feature.group [6.5.0.202303070854-r]
[2023-04-29 14:09:54] Installing org.eclipse.jgit.gpg.bc.feature.jar [6.5.0.202303070854-r]
[2023-04-29 14:09:54] Installing org.eclipse.jgit.http.apache [6.5.0.202303070854-r]
[2023-04-29 14:09:54] Installing org.eclipse.jgit.http.apache.feature.group [6.5.0.202303070854-r]
[2023-04-29 14:09:54] Installing org.eclipse.jgit.http.apache.feature.jar [6.5.0.202303070854-r]
[2023-04-29 14:09:54] Installing org.eclipse.jgit.ssh.apache [6.5.0.202303070854-r]
[2023-04-29 14:09:54] Installing org.eclipse.jgit.ssh.apache.agent [6.5.0.202303070854-r]
[2023-04-29 14:09:54] Installing org.eclipse.jgit.ssh.apache.feature.group [6.5.0.202303070854-r]
[2023-04-29 14:09:54] Installing org.eclipse.jgit.ssh.apache.feature.jar [6.5.0.202303070854-r]
[2023-04-29 14:09:54] Installing org.eclipse.jsch.core [1.4.0.v20220813-1037]
[2023-04-29 14:09:54] Installing org.eclipse.jsch.ui [1.4.200.v20220812-1406]
[2023-04-29 14:09:54] Installing org.eclipse.justj.openjdk.hotspot.jre.full [17.0.7.v20230425-1502]
[2023-04-29 14:09:54] Installing org.eclipse.justj.openjdk.hotspot.jre.full.feature.group [17.0.7.v20230425-1502]
[2023-04-29 14:09:54] Installing org.eclipse.justj.openjdk.hotspot.jre.full.feature.jar [17.0.7.v20230425-1502]
[2023-04-29 14:09:54] Installing org.eclipse.justj.openjdk.hotspot.jre.full.macosx.x86_64 [17.0.7.v20230425-1502]
[2023-04-29 14:09:54] Installing org.eclipse.lsp4e [0.15.0.202211292024]
[2023-04-29 14:09:54] Installing org.eclipse.lsp4j [0.19.0.v20221118-0359]
[2023-04-29 14:09:54] Installing org.eclipse.lsp4j.jsonrpc [0.19.0.v20221118-0359]
[2023-04-29 14:09:54] Installing org.eclipse.ltk.core.refactoring [3.13.100.v20230117-1625]
[2023-04-29 14:09:54] Installing org.eclipse.ltk.ui.refactoring [3.12.200.v20220808-2221]
[2023-04-29 14:09:54] Installing org.eclipse.m2e.apt.core [2.2.0.20230207-1039]
[2023-04-29 14:09:54] Installing org.eclipse.m2e.apt.ui [2.0.300.20221210-1303]
[2023-04-29 14:09:54] Installing org.eclipse.m2e.archetype.common [3.2.103.20230102-2253]
[2023-04-29 14:09:54] Installing org.eclipse.m2e.binaryproject [2.1.100.20230130-0743]
[2023-04-29 14:09:54] Installing org.eclipse.m2e.binaryproject.ui [2.0.0.20220705-1221]
[2023-04-29 14:09:54] Installing org.eclipse.m2e.core [2.0.7.20230307-1553]
[2023-04-29 14:09:54] Installing org.eclipse.m2e.core.ui [2.0.4.20230305-1928]
[2023-04-29 14:09:54] Installing org.eclipse.m2e.discovery [2.0.200.20230210-1347]
[2023-04-29 14:09:54] Installing org.eclipse.m2e.editor [2.0.300.20230130-0743]
[2023-04-29 14:09:54] Installing org.eclipse.m2e.editor.lemminx [2.0.2.20230202-1631]
[2023-04-29 14:09:54] Installing org.eclipse.m2e.feature.feature.group [2.2.1.20230307-1553]
[2023-04-29 14:09:54] Installing org.eclipse.m2e.feature.feature.jar [2.2.1.20230307-1553]
[2023-04-29 14:09:54] Installing org.eclipse.m2e.jdt [2.0.5.20230228-2348]
[2023-04-29 14:09:54] Installing org.eclipse.m2e.jdt.ui [2.0.200.20230228-2348]
[2023-04-29 14:09:54] Installing org.eclipse.m2e.launching [2.0.400.20230305-2143]
[2023-04-29 14:09:54] Installing org.eclipse.m2e.lemminx.feature.feature.group [2.0.3.20230202-1631]
[2023-04-29 14:09:54] Installing org.eclipse.m2e.lemminx.feature.feature.jar [2.0.3.20230202-1631]
[2023-04-29 14:09:54] Installing org.eclipse.m2e.logback [2.1.100.20230106-1511]
[2023-04-29 14:09:54] Installing org.eclipse.m2e.logback.feature.feature.group [2.1.1.20230106-1511]
[2023-04-29 14:09:54] Installing org.eclipse.m2e.logback.feature.feature.jar [2.1.1.20230106-1511]
[2023-04-29 14:09:54] Installing org.eclipse.m2e.maven.runtime [3.8.701.20230209-1606]
[2023-04-29 14:09:54] Installing org.eclipse.m2e.mavenarchiver [2.0.300.20221210-1303]
[2023-04-29 14:09:54] Installing org.eclipse.m2e.model.edit [2.0.200.20230130-0743]
[2023-04-29 14:09:54] Installing org.eclipse.m2e.profiles.core [2.1.1.20230210-1347]
[2023-04-29 14:09:54] Installing org.eclipse.m2e.profiles.ui [2.0.200.20230114-1140]
[2023-04-29 14:09:54] Installing org.eclipse.m2e.refactoring [2.0.300.20221210-1303]
[2023-04-29 14:09:54] Installing org.eclipse.m2e.scm [2.0.200.20230207-0948]
[2023-04-29 14:09:54] Installing org.eclipse.m2e.sourcelookup [2.0.2.20230114-1820]
[2023-04-29 14:09:54] Installing org.eclipse.m2e.sourcelookup.ui [2.0.200.20230114-1820]
[2023-04-29 14:09:54] Installing org.eclipse.m2e.workspace.cli [0.3.1]
[2023-04-29 14:09:54] Installing org.eclipse.mylyn.wikitext [3.0.46.202301111837]
[2023-04-29 14:09:54] Installing org.eclipse.mylyn.wikitext.ant [3.0.46.202301111837]
[2023-04-29 14:09:54] Installing org.eclipse.mylyn.wikitext.asciidoc [3.0.46.202301111837]
[2023-04-29 14:09:54] Installing org.eclipse.mylyn.wikitext.asciidoc.ui [3.0.46.202301111837]
[2023-04-29 14:09:54] Installing org.eclipse.mylyn.wikitext.confluence [3.0.46.202301111837]
[2023-04-29 14:09:54] Installing org.eclipse.mylyn.wikitext.confluence.ui [3.0.46.202301111837]
[2023-04-29 14:09:54] Installing org.eclipse.mylyn.wikitext.editors_feature.feature.group [3.0.46.202301111837]
[2023-04-29 14:09:54] Installing org.eclipse.mylyn.wikitext.editors_feature.feature.jar [3.0.46.202301111837]
[2023-04-29 14:09:54] Installing org.eclipse.mylyn.wikitext.help.ui [3.0.46.202301111837]
[2023-04-29 14:09:54] Installing org.eclipse.mylyn.wikitext.html [3.0.46.202301111837]
[2023-04-29 14:09:54] Installing org.eclipse.mylyn.wikitext.markdown [3.0.46.202301111837]
[2023-04-29 14:09:54] Installing org.eclipse.mylyn.wikitext.markdown.ui [3.0.46.202301111837]
[2023-04-29 14:09:54] Installing org.eclipse.mylyn.wikitext.mediawiki [3.0.46.202301111837]
[2023-04-29 14:09:54] Installing org.eclipse.mylyn.wikitext.mediawiki.ui [3.0.46.202301111837]
[2023-04-29 14:09:54] Installing org.eclipse.mylyn.wikitext.osgi [3.0.46.202301111837]
[2023-04-29 14:09:54] Installing org.eclipse.mylyn.wikitext.textile [3.0.46.202301111837]
[2023-04-29 14:09:54] Installing org.eclipse.mylyn.wikitext.textile.ui [3.0.46.202301111837]
[2023-04-29 14:09:54] Installing org.eclipse.mylyn.wikitext.tracwiki [3.0.46.202301111837]
[2023-04-29 14:09:54] Installing org.eclipse.mylyn.wikitext.tracwiki.ui [3.0.46.202301111837]
[2023-04-29 14:09:54] Installing org.eclipse.mylyn.wikitext.twiki [3.0.46.202301111837]
[2023-04-29 14:09:54] Installing org.eclipse.mylyn.wikitext.twiki.ui [3.0.46.202301111837]
[2023-04-29 14:09:54] Installing org.eclipse.mylyn.wikitext.ui [3.0.46.202301111837]
[2023-04-29 14:09:54] Installing org.eclipse.mylyn.wikitext_feature.feature.group [3.0.46.202301111837]
[2023-04-29 14:09:54] Installing org.eclipse.mylyn.wikitext_feature.feature.jar [3.0.46.202301111837]
[2023-04-29 14:09:54] Installing org.eclipse.nebula.widgets.tablecombo [1.2.0.202303072132]
[2023-04-29 14:09:54] Installing org.eclipse.oomph.base [1.17.0.v20220821-0916]
[2023-04-29 14:09:54] Installing org.eclipse.oomph.base.edit [1.16.0.v20230204-0932]
[2023-04-29 14:09:54] Installing org.eclipse.oomph.extractor.lib [1.9.0.v20220421-1218]
[2023-04-29 14:09:54] Installing org.eclipse.oomph.jreinfo [1.17.0.v20220520-1242]
[2023-04-29 14:09:54] Installing org.eclipse.oomph.jreinfo.ui [1.15.0.v20220520-1242]
[2023-04-29 14:09:54] Installing org.eclipse.oomph.p2 [1.16.0.v20220421-1218]
[2023-04-29 14:09:54] Installing org.eclipse.oomph.p2.core [1.25.0.v20230401-0835]
[2023-04-29 14:09:54] Installing org.eclipse.oomph.p2.doc [1.13.0.v20220421-1218]
[2023-04-29 14:09:54] Installing org.eclipse.oomph.p2.edit [1.17.0.v20230204-0932]
[2023-04-29 14:09:54] Installing org.eclipse.oomph.p2.feature.group [1.26.0.v20230401-0835]
[2023-04-29 14:09:54] Installing org.eclipse.oomph.p2.feature.jar [1.26.0.v20230401-0835]
[2023-04-29 14:09:54] Installing org.eclipse.oomph.p2.ui [1.19.0.v20230204-0932]
[2023-04-29 14:09:54] Installing org.eclipse.oomph.predicates [1.15.0.v20230105-1603]
[2023-04-29 14:09:54] Installing org.eclipse.oomph.predicates.edit [1.14.0.v20230204-0932]
[2023-04-29 14:09:54] Installing org.eclipse.oomph.preferences [1.13.0.v20220421-1218]
[2023-04-29 14:09:54] Installing org.eclipse.oomph.resources [1.17.0.v20220619-0650]
[2023-04-29 14:09:54] Installing org.eclipse.oomph.resources.edit [1.13.0.v20230204-0932]
[2023-04-29 14:09:54] Installing org.eclipse.oomph.setup [1.26.0.v20230321-0741]
[2023-04-29 14:09:54] Installing org.eclipse.oomph.setup.core [1.27.0.v20230402-0730]
[2023-04-29 14:09:54] Installing org.eclipse.oomph.setup.core.feature.group [1.27.0.v20230402-0730]
[2023-04-29 14:09:54] Installing org.eclipse.oomph.setup.core.feature.jar [1.27.0.v20230402-0730]
[2023-04-29 14:09:54] Installing org.eclipse.oomph.setup.doc [1.13.0.v20220520-0625]
[2023-04-29 14:09:54] Installing org.eclipse.oomph.setup.edit [1.16.0.v20220421-1218]
[2023-04-29 14:09:54] Installing org.eclipse.oomph.setup.editor [1.25.0.v20230330-1407]
[2023-04-29 14:09:54] Installing org.eclipse.oomph.setup.feature.group [1.28.0.v20230402-0730]
[2023-04-29 14:09:54] Installing org.eclipse.oomph.setup.feature.jar [1.28.0.v20230402-0730]
[2023-04-29 14:09:54] Installing org.eclipse.oomph.setup.p2 [1.19.0.v20220607-1104]
[2023-04-29 14:09:54] Installing org.eclipse.oomph.setup.p2.edit [1.15.0.v20230204-0932]
[2023-04-29 14:09:54] Installing org.eclipse.oomph.setup.sync [1.14.0.v20220421-1218]
[2023-04-29 14:09:54] Installing org.eclipse.oomph.setup.ui [1.26.0.v20230204-0932]
[2023-04-29 14:09:54] Installing org.eclipse.oomph.setup.ui.questionnaire [1.13.0.v20220421-1218]
[2023-04-29 14:09:54] Installing org.eclipse.oomph.ui [1.19.0.v20230320-1346]
[2023-04-29 14:09:54] Installing org.eclipse.oomph.util [1.20.0.v20230317-0903]
[2023-04-29 14:09:54] Installing org.eclipse.oomph.workingsets [1.12.0.v20220421-1218]
[2023-04-29 14:09:54] Installing org.eclipse.oomph.workingsets.edit [1.13.0.v20230204-0932]
[2023-04-29 14:09:54] Installing org.eclipse.oomph.workingsets.editor [1.14.0.v20230204-0932]
[2023-04-29 14:09:54] Installing org.eclipse.osgi [3.18.300.v20230220-1352]
[2023-04-29 14:09:54] Installing org.eclipse.osgi.compatibility.state [1.2.800.v20221116-1440]
[2023-04-29 14:09:54] Installing org.eclipse.osgi.services [3.11.100.v20221006-1531]
[2023-04-29 14:09:54] Installing org.eclipse.osgi.util [3.7.200.v20230103-1101]
[2023-04-29 14:09:54] Installing org.eclipse.platform [4.27.0.v20230302-0300]
[2023-04-29 14:09:54] Installing org.eclipse.platform.doc.user [4.27.0.v20230301-1632]
[2023-04-29 14:09:54] Installing org.eclipse.platform.feature.group [4.27.0.v20230302-0300]
[2023-04-29 14:09:54] Installing org.eclipse.platform.feature.jar [4.27.0.v20230302-0300]
[2023-04-29 14:09:54] Installing org.eclipse.platform_root [4.27.0.v20230302-0300]
[2023-04-29 14:09:54] Installing org.eclipse.rcp [4.27.0.v20230302-0300]
[2023-04-29 14:09:54] Installing org.eclipse.rcp.feature.group [4.27.0.v20230302-0300]
[2023-04-29 14:09:54] Installing org.eclipse.rcp.feature.jar [4.27.0.v20230302-0300]
[2023-04-29 14:09:54] Installing org.eclipse.rcp_root [4.27.0.v20230302-0300]
[2023-04-29 14:09:54] Installing org.eclipse.search [3.14.400.v20230209-0804]
[2023-04-29 14:09:54] Installing org.eclipse.swt [3.123.0.v20230220-1431]
[2023-04-29 14:09:54] Installing org.eclipse.swt.cocoa.macosx.x86_64 [3.123.0.v20230220-1431]
[2023-04-29 14:09:54] Installing org.eclipse.team.core [3.9.700.v20221201-0946]
[2023-04-29 14:09:54] Installing org.eclipse.team.genericeditor.diff.extension [1.1.100.v20220812-1406]
[2023-04-29 14:09:54] Installing org.eclipse.team.ui [3.9.600.v20230207-1607]
[2023-04-29 14:09:54] Installing org.eclipse.text [3.12.300.v20220921-1010]
[2023-04-29 14:09:54] Installing org.eclipse.text.quicksearch [1.1.500.v20230129-1959]
[2023-04-29 14:09:54] Installing org.eclipse.tips.core [0.2.100.v20221111-1229]
[2023-04-29 14:09:54] Installing org.eclipse.tips.feature.feature.group [0.3.100.v20230109-1247]
[2023-04-29 14:09:54] Installing org.eclipse.tips.feature.feature.jar [0.3.100.v20230109-1247]
[2023-04-29 14:09:54] Installing org.eclipse.tips.ide [0.2.100.v20220811-0542]
[2023-04-29 14:09:54] Installing org.eclipse.tips.json [0.2.200.v20220619-1918]
[2023-04-29 14:09:54] Installing org.eclipse.tips.ui [0.2.100.v20221111-1229]
[2023-04-29 14:09:54] Installing org.eclipse.tm.terminal.connector.local [4.8.0.202211062329]
[2023-04-29 14:09:54] Installing org.eclipse.tm.terminal.connector.local.feature.feature.group [11.1.0.202212091724]
[2023-04-29 14:09:54] Installing org.eclipse.tm.terminal.connector.local.feature.feature.jar [11.1.0.202212091724]
[2023-04-29 14:09:54] Installing org.eclipse.tm.terminal.connector.process [4.9.0.202211062329]
[2023-04-29 14:09:54] Installing org.eclipse.tm.terminal.connector.ssh [4.8.0.202211062329]
[2023-04-29 14:09:54] Installing org.eclipse.tm.terminal.connector.ssh.feature.feature.group [11.1.0.202212091724]
[2023-04-29 14:09:54] Installing org.eclipse.tm.terminal.connector.ssh.feature.feature.jar [11.1.0.202212091724]
[2023-04-29 14:09:54] Installing org.eclipse.tm.terminal.connector.telnet [4.8.0.202211062329]
[2023-04-29 14:09:54] Installing org.eclipse.tm.terminal.connector.telnet.feature.feature.group [11.1.0.202212091724]
[2023-04-29 14:09:54] Installing org.eclipse.tm.terminal.connector.telnet.feature.feature.jar [11.1.0.202212091724]
[2023-04-29 14:09:54] Installing org.eclipse.tm.terminal.control [5.4.0.202211062329]
[2023-04-29 14:09:54] Installing org.eclipse.tm.terminal.control.feature.feature.group [11.1.0.202212091724]
[2023-04-29 14:09:54] Installing org.eclipse.tm.terminal.control.feature.feature.jar [11.1.0.202212091724]
[2023-04-29 14:09:54] Installing org.eclipse.tm.terminal.feature.feature.group [11.1.0.202212091724]
[2023-04-29 14:09:54] Installing org.eclipse.tm.terminal.feature.feature.jar [11.1.0.202212091724]
[2023-04-29 14:09:54] Installing org.eclipse.tm.terminal.view.core [4.9.0.202211062329]
[2023-04-29 14:09:54] Installing org.eclipse.tm.terminal.view.feature.feature.group [11.1.0.202212091724]
[2023-04-29 14:09:54] Installing org.eclipse.tm.terminal.view.feature.feature.jar [11.1.0.202212091724]
[2023-04-29 14:09:54] Installing org.eclipse.tm.terminal.view.ui [4.11.0.202211062329]
[2023-04-29 14:09:54] Installing org.eclipse.tm4e.core [0.5.1.202210241440]
[2023-04-29 14:09:54] Installing org.eclipse.tm4e.languageconfiguration [0.5.2.202211261320]
[2023-04-29 14:09:54] Installing org.eclipse.tm4e.registry [0.6.2.202210221922]
[2023-04-29 14:09:54] Installing org.eclipse.tm4e.ui [0.6.1.202211021121]
[2023-04-29 14:09:54] Installing org.eclipse.ui [3.202.0.v20230214-1401]
[2023-04-29 14:09:54] Installing org.eclipse.ui.browser [3.7.400.v20230220-1021]
[2023-04-29 14:09:54] Installing org.eclipse.ui.cheatsheets [3.7.500.v20220903-1020]
[2023-04-29 14:09:54] Installing org.eclipse.ui.cocoa [1.3.100.v20230214-1401]
[2023-04-29 14:09:54] Installing org.eclipse.ui.console [3.11.400.v20221012-0524]
[2023-04-29 14:09:54] Installing org.eclipse.ui.editors [3.15.0.v20221201-1935]
[2023-04-29 14:09:54] Installing org.eclipse.ui.externaltools [3.5.300.v20230126-0801]
[2023-04-29 14:09:54] Installing org.eclipse.ui.forms [3.11.600.v20230220-0932]
[2023-04-29 14:09:54] Installing org.eclipse.ui.genericeditor [1.2.400.v20221207-1659]
[2023-04-29 14:09:54] Installing org.eclipse.ui.ide [3.20.100.v20230220-1021]
[2023-04-29 14:09:54] Installing org.eclipse.ui.ide.application [1.4.700.v20230220-0932]
[2023-04-29 14:09:54] Installing org.eclipse.ui.intro [3.6.600.v20220619-1918]
[2023-04-29 14:09:54] Installing org.eclipse.ui.intro.quicklinks [1.1.200.v20220619-1918]
[2023-04-29 14:09:54] Installing org.eclipse.ui.intro.universal [3.4.300.v20220619-1918]
[2023-04-29 14:09:54] Installing org.eclipse.ui.monitoring [1.2.400.v20230220-0932]
[2023-04-29 14:09:54] Installing org.eclipse.ui.navigator [3.11.0.v20230214-1401]
[2023-04-29 14:09:54] Installing org.eclipse.ui.navigator.resources [3.8.600.v20230220-1021]
[2023-04-29 14:09:54] Installing org.eclipse.ui.net [1.4.100.v20220812-1406]
[2023-04-29 14:09:54] Installing org.eclipse.ui.themes [1.2.2200.v20230220-0932]
[2023-04-29 14:09:54] Installing org.eclipse.ui.views [3.11.400.v20230220-0932]
[2023-04-29 14:09:54] Installing org.eclipse.ui.views.log [1.3.500.v20230220-1021]
[2023-04-29 14:09:54] Installing org.eclipse.ui.views.properties.tabbed [3.9.400.v20230220-1021]
[2023-04-29 14:09:54] Installing org.eclipse.ui.workbench [3.128.0.v20230220-1021]
[2023-04-29 14:09:54] Installing org.eclipse.ui.workbench.texteditor [3.16.700.v20230210-0941]
[2023-04-29 14:09:54] Installing org.eclipse.update.configurator [3.4.1000.v20221114-1512]
[2023-04-29 14:09:54] Installing org.eclipse.urischeme [1.2.300.v20230220-0932]
[2023-04-29 14:09:54] Installing org.eclipse.userstorage [1.2.0.v20210517-0327]
[2023-04-29 14:09:54] Installing org.eclipse.userstorage.feature.group [1.2.0.v20210517-0327]
[2023-04-29 14:09:54] Installing org.eclipse.userstorage.feature.jar [1.2.0.v20210517-0327]
[2023-04-29 14:09:54] Installing org.eclipse.userstorage.oauth [1.1.0.v20190307-0457]
[2023-04-29 14:09:54] Installing org.eclipse.userstorage.ui [1.1.0.v20190307-0457]
[2023-04-29 14:09:54] Installing org.eclipse.wildwebdeveloper.xml [1.0.2.202301201156]
[2023-04-29 14:09:54] Installing org.eclipse.wildwebdeveloper.xml.feature.feature.group [1.0.2.202301201156]
[2023-04-29 14:09:54] Installing org.eclipse.wildwebdeveloper.xml.feature.feature.jar [1.0.2.202301201156]
[2023-04-29 14:09:54] Installing org.eclipse.wst.common.core [1.4.100.v202103232321]
[2023-04-29 14:09:54] Installing org.eclipse.wst.common.emf [1.2.700.v202007161535]
[2023-04-29 14:09:54] Installing org.eclipse.wst.common.environment [1.0.401.v202007142017]
[2023-04-29 14:09:54] Installing org.eclipse.wst.common.frameworks [1.2.202.v202108200212]
[2023-04-29 14:09:54] Installing org.eclipse.wst.common.uriresolver [1.3.0.v202007161535]
[2023-04-29 14:09:54] Installing org.eclipse.wst.sse.core [1.2.1000.v202301190221]
[2023-04-29 14:09:54] Installing org.eclipse.wst.xml.core [1.2.700.v202211200019]
[2023-04-29 14:09:54] Installing org.eclipse.xtext.xbase.lib [2.30.0.v20230227-1111]
[2023-04-29 14:09:54] Installing org.gradle.toolingapi [7.4.2.v20220510-1312-s]
[2023-04-29 14:09:54] Installing org.hamcrest.core [1.3.0.v20180420-1519]
[2023-04-29 14:09:54] Installing org.jacoco.agent [0.8.8.v20220415-0921]
[2023-04-29 14:09:54] Installing org.jacoco.core [0.8.8.v20220517-1805]
[2023-04-29 14:09:54] Installing org.jacoco.report [0.8.8.v20220517-1805]
[2023-04-29 14:09:54] Installing org.jcodings [1.0.57]
[2023-04-29 14:09:54] Installing org.joni [2.1.43]
[2023-04-29 14:09:54] Installing org.jsoup [1.15.3]
[2023-04-29 14:09:54] Installing org.junit [4.13.2.v20211018-1956]
[2023-04-29 14:09:54] Installing org.objectweb.asm [9.4.0.v20221107-1714]
[2023-04-29 14:09:54] Installing org.objectweb.asm.commons [9.3.0.v20220409-0157]
[2023-04-29 14:09:54] Installing org.objectweb.asm.tree [9.3.0.v20220409-0157]
[2023-04-29 14:09:54] Installing org.objectweb.asm.tree.analysis [9.4.0]
[2023-04-29 14:09:54] Installing org.objectweb.asm.util [9.4.0.v20221107-1714]
[2023-04-29 14:09:54] Installing org.opentest4j [1.2.0]
[2023-04-29 14:09:54] Installing org.osgi.service.cm [1.6.1.202109301733]
[2023-04-29 14:09:54] Installing org.osgi.service.component [1.5.1.202212101352]
[2023-04-29 14:09:54] Installing org.osgi.service.device [1.1.1.202109301733]
[2023-04-29 14:09:54] Installing org.osgi.service.event [1.4.1.202109301733]
[2023-04-29 14:09:54] Installing org.osgi.service.metatype [1.4.1.202109301733]
[2023-04-29 14:09:54] Installing org.osgi.service.prefs [1.1.2.202109301733]
[2023-04-29 14:09:54] Installing org.osgi.service.provisioning [1.2.0.201505202024]
[2023-04-29 14:09:54] Installing org.osgi.service.upnp [1.2.1.202109301733]
[2023-04-29 14:09:54] Installing org.osgi.service.useradmin [1.1.1.202109301733]
[2023-04-29 14:09:54] Installing org.osgi.service.wireadmin [1.0.2.202109301733]
[2023-04-29 14:09:54] Installing org.osgi.util.function [1.2.0.202109301733]
[2023-04-29 14:09:54] Installing org.osgi.util.measurement [1.0.2.201802012109]
[2023-04-29 14:09:54] Installing org.osgi.util.position [1.0.1.201505202026]
[2023-04-29 14:09:54] Installing org.osgi.util.promise [1.3.0.202212101352]
[2023-04-29 14:09:54] Installing org.osgi.util.xml [1.0.2.202109301733]
[2023-04-29 14:09:54] Installing org.sat4j.core [2.3.6.v20201214]
[2023-04-29 14:09:54] Installing org.sat4j.pb [2.3.6.v20201214]
[2023-04-29 14:09:54] Installing org.tukaani.xz [1.9.0]
[2023-04-29 14:09:54] Installing org.w3c.css.sac [1.3.1.v200903091627]
[2023-04-29 14:09:54] Installing org.w3c.dom.events [3.0.0.draft20060413_v201105210656]
[2023-04-29 14:09:54] Installing org.w3c.dom.smil [1.0.1.v200903091627]
[2023-04-29 14:09:54] Installing org.w3c.dom.svg [1.1.0.v201011041433]
[2023-04-29 14:09:54] Installing org.yaml.snakeyaml [1.27.0.v20221112-0806]
[2023-04-29 14:09:54] Installing slf4j.api [1.7.36]
[2023-04-29 14:09:54] Installing tooling.org.eclipse.update.feature.default [1.0.0]
[2023-04-29 14:09:54] Installing tooling.osgi.bundle.default [1.0.0]
[2023-04-29 14:09:54] Installing tooling.source.default [1.0.0]
[2023-04-29 14:09:54] Installing toolingcocoa.macosx.x86_64org.apache.felix.scr [4.27.0.20230309-1200]
[2023-04-29 14:09:54] Installing toolingcocoa.macosx.x86_64org.eclipse.core.runtime [4.27.0.20230309-1200]
[2023-04-29 14:09:54] Installing toolingcocoa.macosx.x86_64org.eclipse.equinox.common [4.27.0.20230309-1200]
[2023-04-29 14:09:54] Installing toolingcocoa.macosx.x86_64org.eclipse.equinox.event [4.27.0.20230309-1200]
[2023-04-29 14:09:54] Installing toolingcocoa.macosx.x86_64org.eclipse.equinox.p2.reconciler.dropins [4.27.0.20230309-1200]
[2023-04-29 14:09:54] Installing toolingcocoa.macosx.x86_64org.eclipse.equinox.simpleconfigurator [4.27.0.20230309-1200]
[2023-04-29 14:09:54] Installing toolingepp.package.java.application [4.27.0.20230309-1200]
[2023-04-29 14:09:54] Installing toolingepp.package.java.config.cocoa.macosx.x86_64 [4.27.0.20230309-1200]
[2023-04-29 14:09:54] Installing toolingepp.package.java.configuration [4.27.0.20230309-1200]
[2023-04-29 14:09:54] Installing toolingepp.package.java.executable.cocoa.macosx.x86_64 [4.27.0.20230309-1200]
[2023-04-29 14:09:54] Installing toolingepp.package.java.ini.cocoa.macosx.x86_64 [4.27.0.20230309-1200]
[2023-04-29 14:09:54] Installing toolingorg.eclipse.epp.java.configuration.macosx [1.0.0]
[2023-04-29 14:09:54] Installing toolingorg.eclipse.equinox.launcher [1.6.400.v20210924-0641]
[2023-04-29 14:09:54] Installing toolingorg.eclipse.equinox.launcher.cocoa.macosx.x86_64 [1.2.700.v20221108-1024]
[2023-04-29 14:09:54] Preparing to commit the provisioning operation.
[2023-04-29 14:09:54] Committing the provisioning operation.
[2023-04-29 14:09:56] Performing Eclipse Ini --launcher.appendVmargs
[2023-04-29 14:09:56] Performing Eclipse Ini -Declipse.p2.max.threads=10
[2023-04-29 14:09:56] Changing /Users/arthur/Documents/Arthur/Selenium.Java/ws-eclipse/ProjetoBasico/Eclipse.app/Contents/Eclipse/eclipse.ini (-Declipse.p2.max.threads=10)
[2023-04-29 14:09:56] Performing Eclipse Ini -Doomph.update.url=https://download.eclipse.org/oomph/updates/milestone/latest
[2023-04-29 14:09:56] Changing /Users/arthur/Documents/Arthur/Selenium.Java/ws-eclipse/ProjetoBasico/Eclipse.app/Contents/Eclipse/eclipse.ini (-Doomph.update.url=https://download.eclipse.org/oomph/updates/milestone/latest)
[2023-04-29 14:09:56] Performing Eclipse Ini -Doomph.redirection.index.redirection=index:/->http://git.eclipse.org/c/oomph/org.eclipse.oomph.git/plain/setups/
[2023-04-29 14:09:56] Changing /Users/arthur/Documents/Arthur/Selenium.Java/ws-eclipse/ProjetoBasico/Eclipse.app/Contents/Eclipse/eclipse.ini (-Doomph.redirection.index.redirection=index:/->http://git.eclipse.org/c/oomph/org.eclipse.oomph.git/plain/setups/)
[2023-04-29 14:09:56] Performing Eclipse Ini --add-opens=java.base/java.lang=ALL-UNNAMED
[2023-04-29 14:09:56] Changing /Users/arthur/Documents/Arthur/Selenium.Java/ws-eclipse/ProjetoBasico/Eclipse.app/Contents/Eclipse/eclipse.ini (--add-opens=java.base/java.lang=ALL-UNNAMED)
[2023-04-29 14:09:56] Performing post bootstrap tasks
[2023-04-29 14:09:56] Changing /Users/arthur/Documents/Arthur/Selenium.Java/ws-eclipse/ProjetoBasico/Eclipse.app/Contents/Eclipse/configuration/config.ini (osgi.configuration.cascaded=false)
[2023-04-29 14:09:56] 
